[p.w3layouts.com/demos_new/template_demo/29-06-2017/event_registration_form-demo_Free/744047052/web/index.html]
[backblue.gif]
[fade.gif]
[index.html]
[p.w3layouts.com/demos_new/template_demo/29-06-2017/event_registration_form-demo_Free/744047052/web/css/style.css]
[ajax.googleapis.com/ajax/libs/jquery/1.10.2/jquery.min.js]
[p.w3layouts.com/demos_new/template_demo/29-06-2017/event_registration_form-demo_Free/744047052/web/js/jquery-2.1.4.min.js]
[www.google-analytics.com/analytics.js]
[m.servedby-buysellads.com/monetization.js]
[publisher.eboundservices.com/dynamicAds/dynamicScript.js]
[p.w3layouts.com/demos_new/template_demo/29-06-2017/event_registration_form-demo_Free/744047052/web/css/jquery-ui.css]
[p.w3layouts.com/demos_new/template_demo/29-06-2017/event_registration_form-demo_Free/744047052/web/index.html]
[p.w3layouts.com/demos_new/template_demo/29-06-2017/event_registration_form-demo_Free/744047052/web/images/1.jpg]
[p.w3layouts.com/demos_new/template_demo/29-06-2017/event_registration_form-demo_Free/744047052/web/css/style.css]
[p.w3layouts.com/demos_new/template_demo/29-06-2017/event_registration_form-demo_Free/744047052/web/js/jquery-ui.js]
[p.w3layouts.com/demos_new/template_demo/29-06-2017/event_registration_form-demo_Free/744047052/web/images/1.png]
[p.w3layouts.com/demos_new/template_demo/29-06-2017/event_registration_form-demo_Free/744047052/web/images/2.png]
[p.w3layouts.com/demos_new/template_demo/29-06-2017/event_registration_form-demo_Free/744047052/web/css/ui-bg_glass_65_ffffff_1x400.png]
[p.w3layouts.com/demos_new/template_demo/29-06-2017/event_registration_form-demo_Free/744047052/web/css/ui-bg_glass_95_fef1ec_1x400.png]
[p.w3layouts.com/demos_new/template_demo/29-06-2017/event_registration_form-demo_Free/744047052/web/css/ui-bg_flat_0_aaaaaa_40x100.png]
[p.w3layouts.com/demos_new/template_demo/29-06-2017/event_registration_form-demo_Free/744047052/web/css/jquery-ui.css]
[p.w3layouts.com/demos_new/template_demo/29-06-2017/event_registration_form-demo_Free/744047052/web/css/ui-bg_glass_65_ffffff_1x400.html]
[p.w3layouts.com/demos_new/template_demo/29-06-2017/event_registration_form-demo_Free/744047052/web/css/ui-bg_glass_95_fef1ec_1x400.html]
[p.w3layouts.com/demos_new/template_demo/29-06-2017/event_registration_form-demo_Free/744047052/web/css/ui-bg_flat_0_aaaaaa_40x100.html]
